2024-11-26 10:12:44,142 | INFO    | Attempting to connect to Qdrant at: http://52.187.106.203:6333
2024-11-26 10:12:44,207 | INFO    | Successfully connected to Qdrant
2024-11-26 10:12:44,207 | INFO    | Found 27 collections
2024-11-26 10:12:44,221 | INFO    | Collection: dev.knowledgehub.dq_dirty_table.samples, Vector size: 768, Points count: 23
2024-11-26 10:12:44,233 | INFO    | Collection: dev.knowledgehub.mcmc.tableLevel, Vector size: 768, Points count: 10
2024-11-26 10:12:44,248 | INFO    | Collection: dev.knowledgehub.mcmc.samples, Vector size: 768, Points count: 137
2024-11-26 10:12:44,261 | INFO    | Collection: saraswathi_user_query, Vector size: 768, Points count: 27
2024-11-26 10:12:44,272 | INFO    | Collection: saraswathi_question, Vector size: 768, Points count: 1
2024-11-26 10:12:44,282 | INFO    | Collection: dev.businessagent.video.columnLevel, Vector size: 768, Points count: 37
2024-11-26 10:12:44,295 | INFO    | Collection: dev.knowledgehub.dq_dirty_table.tableLevel, Vector size: 768, Points count: 1
2024-11-26 10:12:44,307 | INFO    | Collection: knowledge_hub.mapped_metrics_local, Vector size: 768, Points count: 1
2024-11-26 10:12:44,319 | INFO    | Collection: dev.businessagent.video.tableLevel, Vector size: 768, Points count: 1
2024-11-26 10:12:44,330 | INFO    | Collection: test.yamuna.mvp2Test6.samples, Vector size: 768, Points count: 368
2024-11-26 10:12:44,343 | INFO    | Collection: devtest4.ADA.banking.samples, Vector size: 768, Points count: 668
2024-11-26 10:12:44,355 | INFO    | Collection: dev.chepir.compliance_references, Vector size: 768, Points count: 1735
2024-11-26 10:12:44,366 | INFO    | Collection: devtest4.ADA.banking.columnLevel, Vector size: 768, Points count: 668
2024-11-26 10:12:44,378 | INFO    | Collection: dev.chepir.cma_references, Vector size: 768, Points count: 487
2024-11-26 10:12:44,390 | INFO    | Collection: dev.businessagent.video.samples, Vector size: 768, Points count: 37
2024-11-26 10:12:44,402 | INFO    | Collection: test.yamuna.mvp2Test6.columnLevel, Vector size: 768, Points count: 368
2024-11-26 10:12:44,414 | INFO    | Collection: dev.knowledgehub.dq_dirty_table.columnLevel, Vector size: 768, Points count: 23
2024-11-26 10:12:44,425 | INFO    | Collection: dev.chepir.sedition_references, Vector size: 768, Points count: 40
2024-11-26 10:12:44,438 | INFO    | Collection: knowledge_hub.metrics_compendium, Vector size: 768, Points count: 309
2024-11-26 10:12:44,450 | INFO    | Collection: devtest4.ADA.banking.tableLevel, Vector size: 768, Points count: 18
2024-11-26 10:12:44,462 | INFO    | Collection: dev.chepir.penal_references, Vector size: 768, Points count: 1017
2024-11-26 10:12:44,474 | INFO    | Collection: knowledge_hub.mapped_metrics, Vector size: 768, Points count: 99
2024-11-26 10:12:44,486 | INFO    | Collection: test.yamuna.mvp2Test6.tableLevel, Vector size: 768, Points count: 22
2024-11-26 10:12:44,499 | INFO    | Collection: dev.knowledgehub.mcmc.columnLevel, Vector size: 768, Points count: 137
2024-11-26 10:12:44,511 | INFO    | Collection: None, Vector size: 768, Points count: 0
2024-11-26 10:12:44,523 | INFO    | Collection: saraswati_question, Vector size: 768, Points count: 33
2024-11-26 10:12:44,535 | INFO    | Collection: dev.chepir.tiktok_references, Vector size: 768, Points count: 191
2024-11-26 10:12:44,535 | INFO    | Health check completed. Success: True
2024-11-26 10:20:51,450 | INFO    | Attempting to connect to Qdrant at: http://52.187.106.203:6333
2024-11-26 10:20:51,500 | INFO    | Successfully connected to Qdrant
2024-11-26 10:20:51,500 | INFO    | Found 27 collections
2024-11-26 10:20:51,514 | INFO    | Collection: dev.knowledgehub.dq_dirty_table.samples, Vector size: 768, Points count: 23
2024-11-26 10:20:51,525 | INFO    | Collection: dev.knowledgehub.mcmc.tableLevel, Vector size: 768, Points count: 10
2024-11-26 10:20:51,535 | INFO    | Collection: dev.knowledgehub.mcmc.samples, Vector size: 768, Points count: 137
2024-11-26 10:20:51,548 | INFO    | Collection: saraswathi_user_query, Vector size: 768, Points count: 27
2024-11-26 10:20:51,558 | INFO    | Collection: saraswathi_question, Vector size: 768, Points count: 1
2024-11-26 10:20:51,570 | INFO    | Collection: dev.businessagent.video.columnLevel, Vector size: 768, Points count: 37
2024-11-26 10:20:51,580 | INFO    | Collection: dev.knowledgehub.dq_dirty_table.tableLevel, Vector size: 768, Points count: 1
2024-11-26 10:20:51,591 | INFO    | Collection: knowledge_hub.mapped_metrics_local, Vector size: 768, Points count: 1
2024-11-26 10:20:51,601 | INFO    | Collection: dev.businessagent.video.tableLevel, Vector size: 768, Points count: 1
2024-11-26 10:20:51,612 | INFO    | Collection: test.yamuna.mvp2Test6.samples, Vector size: 768, Points count: 368
2024-11-26 10:20:51,625 | INFO    | Collection: devtest4.ADA.banking.samples, Vector size: 768, Points count: 668
2024-11-26 10:20:51,636 | INFO    | Collection: dev.chepir.compliance_references, Vector size: 768, Points count: 1735
2024-11-26 10:20:51,647 | INFO    | Collection: devtest4.ADA.banking.columnLevel, Vector size: 768, Points count: 668
2024-11-26 10:20:51,658 | INFO    | Collection: dev.chepir.cma_references, Vector size: 768, Points count: 487
2024-11-26 10:20:51,676 | INFO    | Collection: dev.businessagent.video.samples, Vector size: 768, Points count: 37
2024-11-26 10:20:51,686 | INFO    | Collection: test.yamuna.mvp2Test6.columnLevel, Vector size: 768, Points count: 368
2024-11-26 10:20:51,698 | INFO    | Collection: dev.knowledgehub.dq_dirty_table.columnLevel, Vector size: 768, Points count: 23
2024-11-26 10:20:51,710 | INFO    | Collection: dev.chepir.sedition_references, Vector size: 768, Points count: 40
2024-11-26 10:20:51,725 | INFO    | Collection: knowledge_hub.metrics_compendium, Vector size: 768, Points count: 309
2024-11-26 10:20:51,736 | INFO    | Collection: devtest4.ADA.banking.tableLevel, Vector size: 768, Points count: 18
2024-11-26 10:20:51,747 | INFO    | Collection: dev.chepir.penal_references, Vector size: 768, Points count: 1017
2024-11-26 10:20:51,758 | INFO    | Collection: knowledge_hub.mapped_metrics, Vector size: 768, Points count: 99
2024-11-26 10:20:51,772 | INFO    | Collection: test.yamuna.mvp2Test6.tableLevel, Vector size: 768, Points count: 22
2024-11-26 10:20:51,782 | INFO    | Collection: dev.knowledgehub.mcmc.columnLevel, Vector size: 768, Points count: 137
2024-11-26 10:20:51,792 | INFO    | Collection: None, Vector size: 768, Points count: 0
2024-11-26 10:20:51,806 | INFO    | Collection: saraswati_question, Vector size: 768, Points count: 33
2024-11-26 10:20:51,817 | INFO    | Collection: dev.chepir.tiktok_references, Vector size: 768, Points count: 191
2024-11-26 10:20:51,817 | INFO    | Health check completed. Success: True
2024-11-26 10:25:05,820 | INFO    | Attempting to connect to Qdrant at: http://52.187.106.203:6333
2024-11-26 10:25:05,874 | INFO    | Successfully connected to Qdrant
2024-11-26 10:25:05,874 | INFO    | Found 27 collections
2024-11-26 10:25:05,889 | INFO    | Collection: dev.knowledgehub.dq_dirty_table.samples, Vector size: 768, Points count: 23
2024-11-26 10:25:05,903 | INFO    | Collection: dev.knowledgehub.mcmc.tableLevel, Vector size: 768, Points count: 10
2024-11-26 10:25:05,913 | INFO    | Collection: dev.knowledgehub.mcmc.samples, Vector size: 768, Points count: 137
2024-11-26 10:25:05,924 | INFO    | Collection: saraswathi_user_query, Vector size: 768, Points count: 27
2024-11-26 10:25:05,935 | INFO    | Collection: saraswathi_question, Vector size: 768, Points count: 1
2024-11-26 10:25:05,946 | INFO    | Collection: dev.businessagent.video.columnLevel, Vector size: 768, Points count: 37
2024-11-26 10:25:05,957 | INFO    | Collection: dev.knowledgehub.dq_dirty_table.tableLevel, Vector size: 768, Points count: 1
2024-11-26 10:25:05,970 | INFO    | Collection: knowledge_hub.mapped_metrics_local, Vector size: 768, Points count: 1
2024-11-26 10:25:05,981 | INFO    | Collection: dev.businessagent.video.tableLevel, Vector size: 768, Points count: 1
2024-11-26 10:25:05,997 | INFO    | Collection: test.yamuna.mvp2Test6.samples, Vector size: 768, Points count: 368
2024-11-26 10:25:06,013 | INFO    | Collection: devtest4.ADA.banking.samples, Vector size: 768, Points count: 668
2024-11-26 10:25:06,042 | INFO    | Collection: dev.chepir.compliance_references, Vector size: 768, Points count: 1735
2024-11-26 10:25:06,052 | INFO    | Collection: devtest4.ADA.banking.columnLevel, Vector size: 768, Points count: 668
2024-11-26 10:25:06,064 | INFO    | Collection: dev.chepir.cma_references, Vector size: 768, Points count: 487
2024-11-26 10:25:06,077 | INFO    | Collection: dev.businessagent.video.samples, Vector size: 768, Points count: 37
2024-11-26 10:25:06,090 | INFO    | Collection: test.yamuna.mvp2Test6.columnLevel, Vector size: 768, Points count: 368
2024-11-26 10:25:06,103 | INFO    | Collection: dev.knowledgehub.dq_dirty_table.columnLevel, Vector size: 768, Points count: 23
2024-11-26 10:25:06,117 | INFO    | Collection: dev.chepir.sedition_references, Vector size: 768, Points count: 40
2024-11-26 10:25:06,130 | INFO    | Collection: knowledge_hub.metrics_compendium, Vector size: 768, Points count: 309
2024-11-26 10:25:06,142 | INFO    | Collection: devtest4.ADA.banking.tableLevel, Vector size: 768, Points count: 18
2024-11-26 10:25:06,154 | INFO    | Collection: dev.chepir.penal_references, Vector size: 768, Points count: 1017
2024-11-26 10:25:06,167 | INFO    | Collection: knowledge_hub.mapped_metrics, Vector size: 768, Points count: 99
2024-11-26 10:25:06,180 | INFO    | Collection: test.yamuna.mvp2Test6.tableLevel, Vector size: 768, Points count: 22
2024-11-26 10:25:06,191 | INFO    | Collection: dev.knowledgehub.mcmc.columnLevel, Vector size: 768, Points count: 137
2024-11-26 10:25:06,209 | INFO    | Collection: None, Vector size: 768, Points count: 0
2024-11-26 10:25:06,222 | INFO    | Collection: saraswati_question, Vector size: 768, Points count: 33
2024-11-26 10:25:06,235 | INFO    | Collection: dev.chepir.tiktok_references, Vector size: 768, Points count: 191
2024-11-26 10:25:06,235 | INFO    | Health check completed. Success: True
2024-11-26 11:06:23,138 | INFO    | Attempting to connect to Qdrant at: http://52.187.106.203:6333
2024-11-26 11:06:23,205 | INFO    | Successfully connected to Qdrant
2024-11-26 11:06:23,206 | INFO    | Found 27 collections
2024-11-26 11:06:23,225 | INFO    | Collection: dev.knowledgehub.dq_dirty_table.samples, Vector size: 768, Points count: 23
2024-11-26 11:06:23,239 | INFO    | Collection: dev.knowledgehub.mcmc.tableLevel, Vector size: 768, Points count: 10
2024-11-26 11:06:23,252 | INFO    | Collection: dev.knowledgehub.mcmc.samples, Vector size: 768, Points count: 137
2024-11-26 11:06:23,263 | INFO    | Collection: saraswathi_user_query, Vector size: 768, Points count: 27
2024-11-26 11:06:23,276 | INFO    | Collection: saraswathi_question, Vector size: 768, Points count: 1
2024-11-26 11:06:23,290 | INFO    | Collection: dev.businessagent.video.columnLevel, Vector size: 768, Points count: 37
2024-11-26 11:06:23,303 | INFO    | Collection: dev.knowledgehub.dq_dirty_table.tableLevel, Vector size: 768, Points count: 1
2024-11-26 11:06:23,316 | INFO    | Collection: knowledge_hub.mapped_metrics_local, Vector size: 768, Points count: 1
2024-11-26 11:06:23,331 | INFO    | Collection: dev.businessagent.video.tableLevel, Vector size: 768, Points count: 1
2024-11-26 11:06:23,343 | INFO    | Collection: test.yamuna.mvp2Test6.samples, Vector size: 768, Points count: 368
2024-11-26 11:06:23,354 | INFO    | Collection: devtest4.ADA.banking.samples, Vector size: 768, Points count: 668
2024-11-26 11:06:23,365 | INFO    | Collection: dev.chepir.compliance_references, Vector size: 768, Points count: 1735
2024-11-26 11:06:23,377 | INFO    | Collection: devtest4.ADA.banking.columnLevel, Vector size: 768, Points count: 668
2024-11-26 11:06:23,392 | INFO    | Collection: dev.chepir.cma_references, Vector size: 768, Points count: 487
2024-11-26 11:06:23,405 | INFO    | Collection: dev.businessagent.video.samples, Vector size: 768, Points count: 37
2024-11-26 11:06:23,418 | INFO    | Collection: test.yamuna.mvp2Test6.columnLevel, Vector size: 768, Points count: 368
2024-11-26 11:06:23,429 | INFO    | Collection: dev.knowledgehub.dq_dirty_table.columnLevel, Vector size: 768, Points count: 23
2024-11-26 11:06:23,444 | INFO    | Collection: dev.chepir.sedition_references, Vector size: 768, Points count: 40
2024-11-26 11:06:23,457 | INFO    | Collection: knowledge_hub.metrics_compendium, Vector size: 768, Points count: 309
2024-11-26 11:06:23,470 | INFO    | Collection: devtest4.ADA.banking.tableLevel, Vector size: 768, Points count: 18
2024-11-26 11:06:23,480 | INFO    | Collection: dev.chepir.penal_references, Vector size: 768, Points count: 1017
2024-11-26 11:06:23,493 | INFO    | Collection: knowledge_hub.mapped_metrics, Vector size: 768, Points count: 99
2024-11-26 11:06:23,505 | INFO    | Collection: test.yamuna.mvp2Test6.tableLevel, Vector size: 768, Points count: 22
2024-11-26 11:06:23,519 | INFO    | Collection: dev.knowledgehub.mcmc.columnLevel, Vector size: 768, Points count: 137
2024-11-26 11:06:23,532 | INFO    | Collection: None, Vector size: 768, Points count: 0
2024-11-26 11:06:23,544 | INFO    | Collection: saraswati_question, Vector size: 768, Points count: 33
2024-11-26 11:06:23,560 | INFO    | Collection: dev.chepir.tiktok_references, Vector size: 768, Points count: 191
2024-11-26 11:06:23,561 | INFO    | Health check completed. Success: True
2024-11-26 15:31:26,131 | INFO    | Attempting to connect to Qdrant at: http://52.187.106.203:6333
2024-11-26 15:31:26,182 | INFO    | Successfully connected to Qdrant
2024-11-26 15:31:26,183 | INFO    | Found 27 collections
2024-11-26 15:31:26,198 | INFO    | Collection: dev.knowledgehub.dq_dirty_table.samples, Vector size: 768, Points count: 23
2024-11-26 15:31:26,210 | INFO    | Collection: dev.knowledgehub.mcmc.tableLevel, Vector size: 768, Points count: 10
2024-11-26 15:31:26,222 | INFO    | Collection: dev.knowledgehub.mcmc.samples, Vector size: 768, Points count: 137
2024-11-26 15:31:26,232 | INFO    | Collection: saraswathi_user_query, Vector size: 768, Points count: 29
2024-11-26 15:31:26,262 | INFO    | Collection: saraswathi_question, Vector size: 768, Points count: 3
2024-11-26 15:31:26,274 | INFO    | Collection: dev.businessagent.video.columnLevel, Vector size: 768, Points count: 37
2024-11-26 15:31:26,286 | INFO    | Collection: dev.knowledgehub.dq_dirty_table.tableLevel, Vector size: 768, Points count: 1
2024-11-26 15:31:26,297 | INFO    | Collection: knowledge_hub.mapped_metrics_local, Vector size: 768, Points count: 1
2024-11-26 15:31:26,309 | INFO    | Collection: dev.businessagent.video.tableLevel, Vector size: 768, Points count: 1
2024-11-26 15:31:26,322 | INFO    | Collection: test.yamuna.mvp2Test6.samples, Vector size: 768, Points count: 368
2024-11-26 15:31:26,336 | INFO    | Collection: devtest4.ADA.banking.samples, Vector size: 768, Points count: 668
2024-11-26 15:31:26,347 | INFO    | Collection: dev.chepir.compliance_references, Vector size: 768, Points count: 1735
2024-11-26 15:31:26,358 | INFO    | Collection: devtest4.ADA.banking.columnLevel, Vector size: 768, Points count: 668
2024-11-26 15:31:26,369 | INFO    | Collection: dev.chepir.cma_references, Vector size: 768, Points count: 487
2024-11-26 15:31:26,380 | INFO    | Collection: dev.businessagent.video.samples, Vector size: 768, Points count: 37
2024-11-26 15:31:26,393 | INFO    | Collection: test.yamuna.mvp2Test6.columnLevel, Vector size: 768, Points count: 368
2024-11-26 15:31:26,405 | INFO    | Collection: dev.knowledgehub.dq_dirty_table.columnLevel, Vector size: 768, Points count: 23
2024-11-26 15:31:26,417 | INFO    | Collection: dev.chepir.sedition_references, Vector size: 768, Points count: 40
2024-11-26 15:31:26,428 | INFO    | Collection: knowledge_hub.metrics_compendium, Vector size: 768, Points count: 472
2024-11-26 15:31:26,440 | INFO    | Collection: devtest4.ADA.banking.tableLevel, Vector size: 768, Points count: 18
2024-11-26 15:31:26,455 | INFO    | Collection: dev.chepir.penal_references, Vector size: 768, Points count: 1017
2024-11-26 15:31:26,472 | INFO    | Collection: knowledge_hub.mapped_metrics, Vector size: 768, Points count: 104
2024-11-26 15:31:26,485 | INFO    | Collection: test.yamuna.mvp2Test6.tableLevel, Vector size: 768, Points count: 22
2024-11-26 15:31:26,495 | INFO    | Collection: dev.knowledgehub.mcmc.columnLevel, Vector size: 768, Points count: 137
2024-11-26 15:31:26,507 | INFO    | Collection: None, Vector size: 768, Points count: 0
2024-11-26 15:31:26,521 | INFO    | Collection: saraswati_question, Vector size: 768, Points count: 33
2024-11-26 15:31:26,535 | INFO    | Collection: dev.chepir.tiktok_references, Vector size: 768, Points count: 191
2024-11-26 15:31:26,536 | INFO    | Health check completed. Success: True
